{"level":"info","message":"Created directory: /data/data/com.termux/files/home/workspace/music-sorter/test/services/test-files/new-dir","timestamp":"2025-02-14T19:37:41.618Z"}
{"level":"info","message":"Created directory: /data/data/com.termux/files/home/workspace/music-sorter/test/services/test-files/new-dir","timestamp":"2025-02-15T06:11:17.472Z"}
{"level":"info","message":"Created directory: /data/data/com.termux/files/home/workspace/music-sorter/test/services/test-files/new-dir","timestamp":"2025-02-15T11:50:05.318Z"}
{"code":"ENOENT","errno":-2,"level":"error","message":"Failed to read directory /nonexistent/path: ENOENT: no such file or directory, scandir '/nonexistent/path'","path":"/nonexistent/path","stack":"Error: ENOENT: no such file or directory, scandir '/nonexistent/path'\n    at Object.readdirSync (node:fs:1581:26)\n    at readDirectory (file:///data/data/com.termux/files/home/workspace/music-sorter/src/services/fileService.ts:8:19)\n    at file:///data/data/com.termux/files/home/workspace/music-sorter/test/services/fileService.test.ts:65:26\n    at Proxy.assertThrows (/data/data/com.termux/files/home/workspace/music-sorter/node_modules/chai/lib/chai/core/assertions.js:2644:7)\n    at Proxy.methodWrapper (/data/data/com.termux/files/home/workspace/music-sorter/node_modules/chai/lib/chai/utils/addMethod.js:57:25)\n    at Context.<anonymous> (file:///data/data/com.termux/files/home/workspace/music-sorter/test/services/fileService.test.ts:66:26)\n    at callFn (/data/data/com.termux/files/home/workspace/music-sorter/node_modules/mocha/lib/runnable.js:364:21)\n    at Test.Runnable.run (/data/data/com.termux/files/home/workspace/music-sorter/node_modules/mocha/lib/runnable.js:352:5)\n    at Runner.runTest (/data/data/com.termux/files/home/workspace/music-sorter/node_modules/mocha/lib/runner.js:677:10)\n    at /data/data/com.termux/files/home/workspace/music-sorter/node_modules/mocha/lib/runner.js:800:12\n    at next (/data/data/com.termux/files/home/workspace/music-sorter/node_modules/mocha/lib/runner.js:592:14)\n    at /data/data/com.termux/files/home/workspace/music-sorter/node_modules/mocha/lib/runner.js:602:7\n    at next (/data/data/com.termux/files/home/workspace/music-sorter/node_modules/mocha/lib/runner.js:485:14)\n    at Immediate._onImmediate (/data/data/com.termux/files/home/workspace/music-sorter/node_modules/mocha/lib/runner.js:570:5)\n    at processImmediate (node:internal/timers:511:21)","syscall":"scandir","timestamp":"2025-02-15T11:50:05.343Z"}
{"level":"info","message":"Moved file from /data/data/com.termux/files/home/workspace/music-sorter/test/services/test-files/source.txt to /data/data/com.termux/files/home/workspace/music-sorter/test/services/test-files/moved.txt","timestamp":"2025-02-15T11:50:05.352Z"}
{"code":"ENOENT","dest":"/data/data/com.termux/files/home/workspace/music-sorter/test/services/test-files/target.txt","errno":-2,"level":"error","message":"Failed to move file from /nonexistent/source.txt to /data/data/com.termux/files/home/workspace/music-sorter/test/services/test-files/target.txt: ENOENT: no such file or directory, rename '/nonexistent/source.txt' -> '/data/data/com.termux/files/home/workspace/music-sorter/test/services/test-files/target.txt'","path":"/nonexistent/source.txt","stack":"Error: ENOENT: no such file or directory, rename '/nonexistent/source.txt' -> '/data/data/com.termux/files/home/workspace/music-sorter/test/services/test-files/target.txt'\n    at Object.renameSync (node:fs:1022:11)\n    at moveFile (file:///data/data/com.termux/files/home/workspace/music-sorter/src/services/fileService.ts:41:12)\n    at file:///data/data/com.termux/files/home/workspace/music-sorter/test/services/fileService.test.ts:93:26\n    at Proxy.assertThrows (/data/data/com.termux/files/home/workspace/music-sorter/node_modules/chai/lib/chai/core/assertions.js:2644:7)\n    at Proxy.methodWrapper (/data/data/com.termux/files/home/workspace/music-sorter/node_modules/chai/lib/chai/utils/addMethod.js:57:25)\n    at Context.<anonymous> (file:///data/data/com.termux/files/home/workspace/music-sorter/test/services/fileService.test.ts:94:26)\n    at callFn (/data/data/com.termux/files/home/workspace/music-sorter/node_modules/mocha/lib/runnable.js:364:21)\n    at Test.Runnable.run (/data/data/com.termux/files/home/workspace/music-sorter/node_modules/mocha/lib/runnable.js:352:5)\n    at Runner.runTest (/data/data/com.termux/files/home/workspace/music-sorter/node_modules/mocha/lib/runner.js:677:10)\n    at /data/data/com.termux/files/home/workspace/music-sorter/node_modules/mocha/lib/runner.js:800:12\n    at next (/data/data/com.termux/files/home/workspace/music-sorter/node_modules/mocha/lib/runner.js:592:14)\n    at /data/data/com.termux/files/home/workspace/music-sorter/node_modules/mocha/lib/runner.js:602:7\n    at next (/data/data/com.termux/files/home/workspace/music-sorter/node_modules/mocha/lib/runner.js:485:14)\n    at Immediate._onImmediate (/data/data/com.termux/files/home/workspace/music-sorter/node_modules/mocha/lib/runner.js:570:5)\n    at processImmediate (node:internal/timers:511:21)","syscall":"rename","timestamp":"2025-02-15T11:50:05.359Z"}
2025-02-16 12:28:45 [info] : Created directory: /data/data/com.termux/files/home/workspace/music-sorter/test/services/test-files/new-dir {"path":"/data/data/com.termux/files/home/workspace/music-sorter/test/services/test-files/new-dir","operation":"create"}
2025-02-16 12:28:45 [info] : Moved file successfully {"from":"/data/data/com.termux/files/home/workspace/music-sorter/test/services/test-files/source.txt","to":"/data/data/com.termux/files/home/workspace/music-sorter/test/services/test-files/moved.txt","operation":"move"}
2025-02-16 12:36:22 [error] : File not found: nonexistent.mp3
2025-02-16 12:36:22 [info] : Created directory: /data/data/com.termux/files/home/workspace/music-sorter/test/services/test-files/new-dir {"path":"/data/data/com.termux/files/home/workspace/music-sorter/test/services/test-files/new-dir","operation":"create"}
2025-02-16 12:36:22 [error] : Directory not found: /nonexistent/path
2025-02-16 12:36:22 [info] : Moved file successfully {"from":"/data/data/com.termux/files/home/workspace/music-sorter/test/services/test-files/source.txt","to":"/data/data/com.termux/files/home/workspace/music-sorter/test/services/test-files/moved.txt","operation":"move"}
2025-02-16 12:36:22 [error] : Source file not found: /nonexistent/source.txt
2025-02-16 13:39:14 [error] : File not found: nonexistent.mp3
2025-02-16 13:39:14 [info] : Created directory: /data/data/com.termux/files/home/workspace/music-sorter/test/services/test-files/new-dir {"path":"/data/data/com.termux/files/home/workspace/music-sorter/test/services/test-files/new-dir","operation":"create"}
2025-02-16 13:39:14 [error] : Directory not found: /nonexistent/path
2025-02-16 13:39:14 [info] : Moved file successfully {"from":"/data/data/com.termux/files/home/workspace/music-sorter/test/services/test-files/source.txt","to":"/data/data/com.termux/files/home/workspace/music-sorter/test/services/test-files/moved.txt","operation":"move"}
2025-02-16 13:39:14 [error] : Source file not found: /nonexistent/source.txt
2025-02-16 13:43:57 [error] : File not found: nonexistent.mp3
2025-02-16 13:43:57 [info] : Created directory: /data/data/com.termux/files/home/workspace/music-sorter/test/services/test-files/new-dir {"path":"/data/data/com.termux/files/home/workspace/music-sorter/test/services/test-files/new-dir","operation":"create"}
2025-02-16 13:43:57 [error] : Directory not found: /nonexistent/path
2025-02-16 13:43:57 [info] : Moved file successfully {"from":"/data/data/com.termux/files/home/workspace/music-sorter/test/services/test-files/source.txt","to":"/data/data/com.termux/files/home/workspace/music-sorter/test/services/test-files/moved.txt","operation":"move"}
2025-02-16 13:43:57 [error] : Source file not found: /nonexistent/source.txt
2025-02-16 16:29:57 [error] : File not found: nonexistent.mp3
2025-02-16 16:29:57 [info] : Created directory: /data/data/com.termux/files/home/workspace/music-sorter/test/services/test-files/new-dir {"path":"/data/data/com.termux/files/home/workspace/music-sorter/test/services/test-files/new-dir","operation":"create"}
2025-02-16 16:29:57 [error] : Directory not found: /nonexistent/path
2025-02-16 16:29:57 [info] : Moved file successfully {"from":"/data/data/com.termux/files/home/workspace/music-sorter/test/services/test-files/source.txt","to":"/data/data/com.termux/files/home/workspace/music-sorter/test/services/test-files/moved.txt","operation":"move"}
2025-02-16 16:29:57 [error] : Source file not found: /nonexistent/source.txt
2025-02-16 19:30:08 [error] : File not found: nonexistent.mp3
2025-02-16 19:30:08 [info] : Created directory: /data/data/com.termux/files/home/workspace/music-sorter/test/services/test-files/new-dir {"path":"/data/data/com.termux/files/home/workspace/music-sorter/test/services/test-files/new-dir","operation":"create"}
2025-02-16 19:30:08 [error] : Directory not found: /nonexistent/path
2025-02-16 19:30:08 [info] : Moved file successfully {"from":"/data/data/com.termux/files/home/workspace/music-sorter/test/services/test-files/source.txt","to":"/data/data/com.termux/files/home/workspace/music-sorter/test/services/test-files/moved.txt","operation":"move"}
2025-02-16 19:30:08 [error] : Source file not found: /nonexistent/source.txt
